====================SUCCESS====================
Date:2017-05-17 15:57:27
Transaction:Successful
Severity:SUCCESS
Source:ship
Code:0000
Message:Success
LocalizedMessage:Success
====================SUCCESS====================
Date:2017-05-18 09:51:38
Transaction:Successful
Severity:SUCCESS
Source:ship
Code:0000
Message:Success
LocalizedMessage:Success
====================SUCCESS====================
Date:2017-05-18 09:53:40
Transaction:Successful
Severity:SUCCESS
Source:ship
Code:0000
Message:Success
LocalizedMessage:Success
====================SUCCESS====================
Date:2017-05-18 09:57:42
Transaction:Successful
Severity:SUCCESS
Source:ship
Code:0000
Message:Success
LocalizedMessage:Success
====================SUCCESS====================
Date:2017-05-18 10:07:17
Transaction:Successful
Severity:SUCCESS
Source:ship
Code:0000
Message:Success
LocalizedMessage:Success
====================SUCCESS====================
Date:2017-05-18 11:01:28
Transaction:Successful
Severity:SUCCESS
Source:ship
Code:0000
Message:Success
LocalizedMessage:Success
====================SUCCESS====================
Date:2017-05-18 11:06:35
Transaction:Successful
Severity:SUCCESS
Source:ship
Code:0000
Message:Success
LocalizedMessage:Success
====================SUCCESS====================
Date:2017-05-18 13:38:37
Transaction:Successful
Severity:SUCCESS
Source:ship
Code:0000
Message:Success
LocalizedMessage:Success
====================SUCCESS====================
Date:2017-05-18 17:26:33
Transaction:Successful
Severity:SUCCESS
Source:ship
Code:0000
Message:Success
LocalizedMessage:Success
====================SUCCESS====================
Date:2017-05-19 17:46:46
Transaction:Successful
Severity:SUCCESS
Source:ship
Code:0000
Message:Success
LocalizedMessage:Success
